30-09-2019 16:16:02.983 [restartedMain] INFO  j.r.e.p.a.SpringBootProyectoEverisCoursesApplication.logStartupProfileInfo - No active profile set, falling back to default profiles: default
30-09-2019 16:16:05.983 [restartedMain] INFO  o.s.d.r.c.RepositoryConfigurationDelegate.registerRepositoriesIn - Bootstrapping Spring Data repositories in DEFAULT mode.
30-09-2019 16:16:06.171 [restartedMain] INFO  o.s.d.r.c.RepositoryConfigurationDelegate.registerRepositoriesIn - Finished Spring Data repository scanning in 162ms. Found 2 repository interfaces.
30-09-2019 16:16:06.181 [restartedMain] INFO  o.s.d.r.c.RepositoryConfigurationDelegate.registerRepositoriesIn - Bootstrapping Spring Data repositories in DEFAULT mode.
30-09-2019 16:16:06.197 [restartedMain] INFO  o.s.d.r.c.RepositoryConfigurationDelegate.registerRepositoriesIn - Finished Spring Data repository scanning in 15ms. Found 0 repository interfaces.
30-09-2019 16:16:06.504 [restartedMain] WARN  o.s.boot.actuate.endpoint.EndpointId.logWarning - Endpoint ID 'service-registry' contains invalid characters, please migrate to a valid format.
30-09-2019 16:16:06.553 [restartedMain] WARN  o.s.boot.actuate.endpoint.EndpointId.logWarning - Endpoint ID 'hystrix.stream' contains invalid characters, please migrate to a valid format.
30-09-2019 16:16:06.894 [restartedMain] INFO  o.s.cloud.context.scope.GenericScope.setSerializationId - BeanFactory id=7732c652-89d3-3803-8534-14bdcef291d0
30-09-2019 16:16:07.854 [restartedMain] INFO  o.s.c.s.PostProcessorRegistrationDelegate$BeanPostProcessorChecker.postProcessAfterInitialization - Bean 'org.springframework.cloud.autoconfigure.ConfigurationPropertiesRebinderAutoConfiguration' of type [org.springframework.cloud.autoconfigure.ConfigurationPropertiesRebinderAutoConfiguration$$EnhancerBySpringCGLIB$$f6182639] is not eligible for getting processed by all BeanPostProcessors (for example: not eligible for auto-proxying)
30-09-2019 16:16:09.862 [restartedMain] INFO  org.mongodb.driver.cluster.info - Cluster created with settings {hosts=[localhost:27017], mode=SINGLE, requiredClusterType=UNKNOWN, serverSelectionTimeout='30000 ms', maxWaitQueueSize=500}
30-09-2019 16:16:11.503 [restartedMain] INFO  org.mongodb.driver.cluster.info - Cluster created with settings {hosts=[localhost:27017], mode=SINGLE, requiredClusterType=UNKNOWN, serverSelectionTimeout='30000 ms', maxWaitQueueSize=500}
30-09-2019 16:16:11.712 [cluster-ClusterId{value='5d92709bac185a3da4fbc2c8', description='null'}-localhost:27017] INFO  org.mongodb.driver.connection.info - Opened connection [connectionId{localValue:2, serverValue:293}] to localhost:27017
30-09-2019 16:16:11.724 [cluster-ClusterId{value='5d92709bac185a3da4fbc2c8', description='null'}-localhost:27017] INFO  org.mongodb.driver.cluster.info - Monitor thread successfully connected to server with description ServerDescription{address=localhost:27017, type=STANDALONE, state=CONNECTED, ok=true, version=ServerVersion{versionList=[4, 2, 0]}, minWireVersion=0, maxWireVersion=8, maxDocumentSize=16777216, logicalSessionTimeoutMinutes=30, roundTripTimeNanos=6592878}
30-09-2019 16:16:12.298 [restartedMain] INFO  o.s.b.d.a.OptionalLiveReloadServer.startServer - LiveReload server is running on port 35729
30-09-2019 16:16:12.727 [cluster-ClusterId{value='5d927099ac185a3da4fbc2c7', description='null'}-localhost:27017] INFO  org.mongodb.driver.connection.info - Opened connection [connectionId{localValue:1, serverValue:294}] to localhost:27017
30-09-2019 16:16:12.731 [cluster-ClusterId{value='5d927099ac185a3da4fbc2c7', description='null'}-localhost:27017] INFO  org.mongodb.driver.cluster.info - Monitor thread successfully connected to server with description ServerDescription{address=localhost:27017, type=STANDALONE, state=CONNECTED, ok=true, version=ServerVersion{versionList=[4, 2, 0]}, minWireVersion=0, maxWireVersion=8, maxDocumentSize=16777216, logicalSessionTimeoutMinutes=30, roundTripTimeNanos=3574898}
30-09-2019 16:16:16.127 [restartedMain] INFO  o.s.cloud.commons.util.InetUtils.convertAddress - Cannot determine local hostname
30-09-2019 16:16:16.757 [restartedMain] WARN  c.n.c.sources.URLConfigurationSource.<init> - No URLs will be polled as dynamic configuration sources.
30-09-2019 16:16:16.759 [restartedMain] INFO  c.n.c.sources.URLConfigurationSource.<init> - To enable URLs as dynamic configuration sources, define System property archaius.configurationSource.additionalUrls or make config.properties available on classpath.
30-09-2019 16:16:16.812 [restartedMain] INFO  c.n.config.DynamicPropertyFactory.getInstance - DynamicPropertyFactory is initialized with configuration sources: com.netflix.config.ConcurrentCompositeConfiguration@515dc5df
30-09-2019 16:16:17.196 [restartedMain] INFO  o.s.b.a.e.web.EndpointLinksResolver.<init> - Exposing 2 endpoint(s) beneath base path '/actuator'
30-09-2019 16:16:17.377 [restartedMain] WARN  c.n.c.sources.URLConfigurationSource.<init> - No URLs will be polled as dynamic configuration sources.
30-09-2019 16:16:17.378 [restartedMain] INFO  c.n.c.sources.URLConfigurationSource.<init> - To enable URLs as dynamic configuration sources, define System property archaius.configurationSource.additionalUrls or make config.properties available on classpath.
30-09-2019 16:16:20.657 [restartedMain] INFO  o.s.cloud.commons.util.InetUtils.convertAddress - Cannot determine local hostname
30-09-2019 16:16:21.072 [restartedMain] INFO  o.s.c.n.eureka.InstanceInfoFactory.create - Setting initial instance status as: STARTING
30-09-2019 16:16:21.231 [restartedMain] INFO  c.netflix.discovery.DiscoveryClient.<init> - Initializing Eureka in region us-east-1
30-09-2019 16:16:21.417 [restartedMain] INFO  c.n.d.p.DiscoveryJerseyProvider.<init> - Using JSON encoding codec LegacyJacksonJson
30-09-2019 16:16:21.418 [restartedMain] INFO  c.n.d.p.DiscoveryJerseyProvider.<init> - Using JSON decoding codec LegacyJacksonJson
30-09-2019 16:16:21.759 [restartedMain] INFO  c.n.d.p.DiscoveryJerseyProvider.<init> - Using XML encoding codec XStreamXml
30-09-2019 16:16:21.760 [restartedMain] INFO  c.n.d.p.DiscoveryJerseyProvider.<init> - Using XML decoding codec XStreamXml
30-09-2019 16:16:22.155 [restartedMain] INFO  c.n.d.s.r.aws.ConfigClusterResolver.getClusterEndpoints - Resolving eureka endpoints via configuration
30-09-2019 16:16:22.925 [restartedMain] INFO  c.netflix.discovery.DiscoveryClient.fetchRegistry - Disable delta property : false
30-09-2019 16:16:22.927 [restartedMain] INFO  c.netflix.discovery.DiscoveryClient.fetchRegistry - Single vip registry refresh property : null
30-09-2019 16:16:22.928 [restartedMain] INFO  c.netflix.discovery.DiscoveryClient.fetchRegistry - Force full registry fetch : false
30-09-2019 16:16:22.928 [restartedMain] INFO  c.netflix.discovery.DiscoveryClient.fetchRegistry - Application is null : false
30-09-2019 16:16:22.929 [restartedMain] INFO  c.netflix.discovery.DiscoveryClient.fetchRegistry - Registered Applications size is zero : true
30-09-2019 16:16:22.930 [restartedMain] INFO  c.netflix.discovery.DiscoveryClient.fetchRegistry - Application version is -1: true
30-09-2019 16:16:22.931 [restartedMain] INFO  c.netflix.discovery.DiscoveryClient.getAndStoreFullRegistry - Getting all instance registry info from the eureka server
30-09-2019 16:16:23.484 [restartedMain] INFO  c.netflix.discovery.DiscoveryClient.getAndStoreFullRegistry - The response status is 200
30-09-2019 16:16:23.492 [restartedMain] INFO  c.netflix.discovery.DiscoveryClient.initScheduledTasks - Starting heartbeat executor: renew interval is: 30
30-09-2019 16:16:23.499 [restartedMain] INFO  c.n.discovery.InstanceInfoReplicator.<init> - InstanceInfoReplicator onDemand update allowed rate per min is 4
30-09-2019 16:16:23.505 [restartedMain] INFO  c.netflix.discovery.DiscoveryClient.<init> - Discovery Client initialized at timestamp 1569878183503 with initial instances count: 2
30-09-2019 16:16:23.514 [restartedMain] INFO  o.s.c.n.e.s.EurekaServiceRegistry.register - Registering application SPRING-COURSES with eureka with status UP
30-09-2019 16:16:23.515 [restartedMain] INFO  c.netflix.discovery.DiscoveryClient.notify - Saw local status change event StatusChangeEvent [timestamp=1569878183515, current=UP, previous=STARTING]
30-09-2019 16:16:23.519 [DiscoveryClient-InstanceInfoReplicator-0] INFO  c.netflix.discovery.DiscoveryClient.register - DiscoveryClient_SPRING-COURSES/localhost:spring-courses:8081: registering service...
30-09-2019 16:16:23.520 [restartedMain] INFO  s.d.s.w.p.DocumentationPluginsBootstrapper.start - Documentation plugins bootstrapped
30-09-2019 16:16:23.561 [restartedMain] INFO  s.d.s.w.p.DocumentationPluginsBootstrapper.bootstrapDocumentationPlugins - Found 1 custom documentation plugin(s)
30-09-2019 16:16:23.653 [DiscoveryClient-InstanceInfoReplicator-0] INFO  c.netflix.discovery.DiscoveryClient.register - DiscoveryClient_SPRING-COURSES/localhost:spring-courses:8081 - registration status: 204
30-09-2019 16:16:23.667 [restartedMain] INFO  s.d.s.w.s.ApiListingReferenceScanner.scan - Scanning for api listing references
30-09-2019 16:16:25.263 [restartedMain] INFO  s.d.s.w.r.o.CachingOperationNameGenerator.startingWith - Generating unique operation named: handleUsingGET_1
30-09-2019 16:16:25.496 [restartedMain] INFO  s.d.s.w.r.o.CachingOperationNameGenerator.startingWith - Generating unique operation named: handleUsingGET_2
30-09-2019 16:16:25.635 [restartedMain] INFO  s.d.s.w.r.o.CachingOperationNameGenerator.startingWith - Generating unique operation named: handleUsingGET_3
30-09-2019 16:16:25.945 [restartedMain] INFO  o.s.b.w.e.netty.NettyWebServer.start - Netty started on port(s): 8081
30-09-2019 16:16:25.949 [restartedMain] INFO  o.s.c.n.e.s.EurekaAutoServiceRegistration.onApplicationEvent - Updating port to 8081
30-09-2019 16:16:28.091 [restartedMain] INFO  o.s.cloud.commons.util.InetUtils.convertAddress - Cannot determine local hostname
30-09-2019 16:16:28.110 [restartedMain] INFO  j.r.e.p.a.SpringBootProyectoEverisCoursesApplication.logStarted - Started SpringBootProyectoEverisCoursesApplication in 36.644 seconds (JVM running for 39.803)
30-09-2019 16:16:28.379 [nioEventLoopGroup-2-3] INFO  org.mongodb.driver.connection.info - Opened connection [connectionId{localValue:4, serverValue:296}] to localhost:27017
30-09-2019 16:16:28.386 [nioEventLoopGroup-2-2] INFO  org.mongodb.driver.connection.info - Opened connection [connectionId{localValue:3, serverValue:295}] to localhost:27017
30-09-2019 16:16:28.783 [nioEventLoopGroup-2-4] INFO  org.mongodb.driver.connection.info - Opened connection [connectionId{localValue:5, serverValue:297}] to localhost:27017
30-09-2019 16:16:28.786 [nioEventLoopGroup-2-5] INFO  org.mongodb.driver.connection.info - Opened connection [connectionId{localValue:6, serverValue:298}] to localhost:27017
30-09-2019 16:16:28.794 [nioEventLoopGroup-2-6] INFO  org.mongodb.driver.connection.info - Opened connection [connectionId{localValue:7, serverValue:299}] to localhost:27017
30-09-2019 16:16:30.860 [nioEventLoopGroup-2-4] INFO  j.r.e.p.a.SpringBootProyectoEverisCoursesApplication.lambda$1 - Modalidad  : student
30-09-2019 16:16:30.865 [nioEventLoopGroup-2-6] INFO  j.r.e.p.a.SpringBootProyectoEverisCoursesApplication.lambda$1 - Modalidad  : listeningTeacher
30-09-2019 16:16:30.892 [nioEventLoopGroup-2-5] INFO  j.r.e.p.a.SpringBootProyectoEverisCoursesApplication.lambda$1 - Modalidad  : listeningFamily
30-09-2019 16:16:32.273 [nioEventLoopGroup-2-6] INFO  j.r.e.p.a.SpringBootProyectoEverisCoursesApplication.lambda$3 - insert : Angular
30-09-2019 16:16:32.274 [nioEventLoopGroup-2-6] INFO  j.r.e.p.a.SpringBootProyectoEverisCoursesApplication.lambda$3 - insert : C#
30-09-2019 16:16:32.275 [nioEventLoopGroup-2-6] INFO  j.r.e.p.a.SpringBootProyectoEverisCoursesApplication.lambda$3 - insert : Ruby
30-09-2019 16:16:32.345 [nioEventLoopGroup-2-2] INFO  j.r.e.p.a.SpringBootProyectoEverisCoursesApplication.lambda$3 - insert : Java
30-09-2019 16:16:32.363 [nioEventLoopGroup-2-5] INFO  j.r.e.p.a.SpringBootProyectoEverisCoursesApplication.lambda$3 - insert : Java
30-09-2019 16:17:31.570 [DiscoveryClient-HeartbeatExecutor-0] ERROR c.n.d.s.t.d.RedirectingEurekaHttpClient.execute - Request execution error. endpoint=DefaultEndpoint{ serviceUrl='http://localhost:8761/eureka/}
com.sun.jersey.api.client.ClientHandlerException: java.net.SocketTimeoutException: Read timed out
	at com.sun.jersey.client.apache4.ApacheHttpClient4Handler.handle(ApacheHttpClient4Handler.java:187) ~[jersey-apache-client4-1.19.1.jar:1.19.1]
	at com.sun.jersey.api.client.filter.GZIPContentEncodingFilter.handle(GZIPContentEncodingFilter.java:123) ~[jersey-client-1.19.1.jar:1.19.1]
	at com.netflix.discovery.EurekaIdentityHeaderFilter.handle(EurekaIdentityHeaderFilter.java:27) ~[eureka-client-1.9.13.jar:1.9.13]
	at com.sun.jersey.api.client.Client.handle(Client.java:652) ~[jersey-client-1.19.1.jar:1.19.1]
	at com.sun.jersey.api.client.WebResource.handle(WebResource.java:682) ~[jersey-client-1.19.1.jar:1.19.1]
	at com.sun.jersey.api.client.WebResource.access$200(WebResource.java:74) ~[jersey-client-1.19.1.jar:1.19.1]
	at com.sun.jersey.api.client.WebResource$Builder.put(WebResource.java:529) ~[jersey-client-1.19.1.jar:1.19.1]
	at com.netflix.discovery.shared.transport.jersey.AbstractJerseyEurekaHttpClient.sendHeartBeat(AbstractJerseyEurekaHttpClient.java:102) ~[eureka-client-1.9.13.jar:1.9.13]
	at com.netflix.discovery.shared.transport.decorator.EurekaHttpClientDecorator$3.execute(EurekaHttpClientDecorator.java:92) [eureka-client-1.9.13.jar:1.9.13]
	at com.netflix.discovery.shared.transport.decorator.MetricsCollectingEurekaHttpClient.execute(MetricsCollectingEurekaHttpClient.java:73) ~[eureka-client-1.9.13.jar:1.9.13]
	at com.netflix.discovery.shared.transport.decorator.EurekaHttpClientDecorator.sendHeartBeat(EurekaHttpClientDecorator.java:89) [eureka-client-1.9.13.jar:1.9.13]
	at com.netflix.discovery.shared.transport.decorator.EurekaHttpClientDecorator$3.execute(EurekaHttpClientDecorator.java:92) [eureka-client-1.9.13.jar:1.9.13]
	at com.netflix.discovery.shared.transport.decorator.RedirectingEurekaHttpClient.execute(RedirectingEurekaHttpClient.java:89) ~[eureka-client-1.9.13.jar:1.9.13]
	at com.netflix.discovery.shared.transport.decorator.EurekaHttpClientDecorator.sendHeartBeat(EurekaHttpClientDecorator.java:89) [eureka-client-1.9.13.jar:1.9.13]
	at com.netflix.discovery.shared.transport.decorator.EurekaHttpClientDecorator$3.execute(EurekaHttpClientDecorator.java:92) [eureka-client-1.9.13.jar:1.9.13]
	at com.netflix.discovery.shared.transport.decorator.RetryableEurekaHttpClient.execute(RetryableEurekaHttpClient.java:120) [eureka-client-1.9.13.jar:1.9.13]
	at com.netflix.discovery.shared.transport.decorator.EurekaHttpClientDecorator.sendHeartBeat(EurekaHttpClientDecorator.java:89) [eureka-client-1.9.13.jar:1.9.13]
	at com.netflix.discovery.shared.transport.decorator.EurekaHttpClientDecorator$3.execute(EurekaHttpClientDecorator.java:92) [eureka-client-1.9.13.jar:1.9.13]
	at com.netflix.discovery.shared.transport.decorator.SessionedEurekaHttpClient.execute(SessionedEurekaHttpClient.java:77) [eureka-client-1.9.13.jar:1.9.13]
	at com.netflix.discovery.shared.transport.decorator.EurekaHttpClientDecorator.sendHeartBeat(EurekaHttpClientDecorator.java:89) [eureka-client-1.9.13.jar:1.9.13]
	at com.netflix.discovery.DiscoveryClient.renew(DiscoveryClient.java:864) [eureka-client-1.9.13.jar:1.9.13]
	at com.netflix.discovery.DiscoveryClient$HeartbeatThread.run(DiscoveryClient.java:1423) [eureka-client-1.9.13.jar:1.9.13]
	at java.util.concurrent.Executors$RunnableAdapter.call(Executors.java:511) [na:1.8.0_221]
	at java.util.concurrent.FutureTask.run(FutureTask.java:266) [na:1.8.0_221]
	at java.util.concurrent.ThreadPoolExecutor.runWorker(ThreadPoolExecutor.java:1149) [na:1.8.0_221]
	at java.util.concurrent.ThreadPoolExecutor$Worker.run(ThreadPoolExecutor.java:624) [na:1.8.0_221]
	at java.lang.Thread.run(Thread.java:748) [na:1.8.0_221]
Caused by: java.net.SocketTimeoutException: Read timed out
	at java.net.SocketInputStream.socketRead0(Native Method) ~[na:1.8.0_221]
	at java.net.SocketInputStream.socketRead(SocketInputStream.java:116) ~[na:1.8.0_221]
	at java.net.SocketInputStream.read(SocketInputStream.java:171) ~[na:1.8.0_221]
	at java.net.SocketInputStream.read(SocketInputStream.java:141) ~[na:1.8.0_221]
	at org.apache.http.impl.io.AbstractSessionInputBuffer.fillBuffer(AbstractSessionInputBuffer.java:161) ~[httpcore-4.4.12.jar:4.4.12]
	at org.apache.http.impl.io.SocketInputBuffer.fillBuffer(SocketInputBuffer.java:82) ~[httpcore-4.4.12.jar:4.4.12]
	at org.apache.http.impl.io.AbstractSessionInputBuffer.readLine(AbstractSessionInputBuffer.java:276) ~[httpcore-4.4.12.jar:4.4.12]
	at org.apache.http.impl.conn.DefaultHttpResponseParser.parseHead(DefaultHttpResponseParser.java:138) ~[httpclient-4.5.9.jar:4.5.9]
	at org.apache.http.impl.conn.DefaultHttpResponseParser.parseHead(DefaultHttpResponseParser.java:56) ~[httpclient-4.5.9.jar:4.5.9]
	at org.apache.http.impl.io.AbstractMessageParser.parse(AbstractMessageParser.java:259) ~[httpcore-4.4.12.jar:4.4.12]
	at org.apache.http.impl.AbstractHttpClientConnection.receiveResponseHeader(AbstractHttpClientConnection.java:294) ~[httpcore-4.4.12.jar:4.4.12]
	at org.apache.http.impl.conn.DefaultClientConnection.receiveResponseHeader(DefaultClientConnection.java:257) ~[httpclient-4.5.9.jar:4.5.9]
	at org.apache.http.impl.conn.AbstractClientConnAdapter.receiveResponseHeader(AbstractClientConnAdapter.java:230) ~[httpclient-4.5.9.jar:4.5.9]
	at org.apache.http.protocol.HttpRequestExecutor.doReceiveResponse(HttpRequestExecutor.java:273) ~[httpcore-4.4.12.jar:4.4.12]
	at org.apache.http.protocol.HttpRequestExecutor.execute(HttpRequestExecutor.java:125) ~[httpcore-4.4.12.jar:4.4.12]
	at org.apache.http.impl.client.DefaultRequestDirector.tryExecute(DefaultRequestDirector.java:679) ~[httpclient-4.5.9.jar:4.5.9]
	at org.apache.http.impl.client.DefaultRequestDirector.execute(DefaultRequestDirector.java:481) ~[httpclient-4.5.9.jar:4.5.9]
	at org.apache.http.impl.client.AbstractHttpClient.doExecute(AbstractHttpClient.java:835) ~[httpclient-4.5.9.jar:4.5.9]
	at org.apache.http.impl.client.CloseableHttpClient.execute(CloseableHttpClient.java:118) ~[httpclient-4.5.9.jar:4.5.9]
	at org.apache.http.impl.client.CloseableHttpClient.execute(CloseableHttpClient.java:56) ~[httpclient-4.5.9.jar:4.5.9]
	at com.sun.jersey.client.apache4.ApacheHttpClient4Handler.handle(ApacheHttpClient4Handler.java:173) ~[jersey-apache-client4-1.19.1.jar:1.19.1]
	... 26 common frames omitted
30-09-2019 16:17:31.573 [DiscoveryClient-HeartbeatExecutor-0] WARN  c.n.d.s.t.d.RetryableEurekaHttpClient.execute - Request execution failed with message: java.net.SocketTimeoutException: Read timed out
30-09-2019 16:17:36.968 [DiscoveryClient-HeartbeatExecutor-0] INFO  c.n.d.s.t.d.RetryableEurekaHttpClient.execute - Request execution succeeded on retry #1
30-09-2019 16:19:09.522 [RMI TCP Connection(16)-127.0.0.1] INFO  o.s.b.a.SpringApplicationAdminMXBeanRegistrar$SpringApplicationAdmin.shutdown - Application shutdown requested.
30-09-2019 16:19:09.555 [RMI TCP Connection(16)-127.0.0.1] INFO  o.s.c.n.e.s.EurekaServiceRegistry.deregister - Unregistering application SPRING-COURSES with eureka with status DOWN
30-09-2019 16:19:09.557 [RMI TCP Connection(16)-127.0.0.1] WARN  c.netflix.discovery.DiscoveryClient.notify - Saw local status change event StatusChangeEvent [timestamp=1569878349557, current=DOWN, previous=UP]
30-09-2019 16:19:09.559 [DiscoveryClient-InstanceInfoReplicator-0] INFO  c.netflix.discovery.DiscoveryClient.register - DiscoveryClient_SPRING-COURSES/localhost:spring-courses:8081: registering service...
30-09-2019 16:19:09.577 [DiscoveryClient-InstanceInfoReplicator-0] INFO  c.netflix.discovery.DiscoveryClient.register - DiscoveryClient_SPRING-COURSES/localhost:spring-courses:8081 - registration status: 204
30-09-2019 16:19:09.711 [RMI TCP Connection(16)-127.0.0.1] INFO  org.mongodb.driver.connection.info - Closed connection [connectionId{localValue:7, serverValue:299}] to localhost:27017 because the pool has been closed.
30-09-2019 16:19:09.715 [RMI TCP Connection(16)-127.0.0.1] INFO  org.mongodb.driver.connection.info - Closed connection [connectionId{localValue:4, serverValue:296}] to localhost:27017 because the pool has been closed.
30-09-2019 16:19:09.719 [RMI TCP Connection(16)-127.0.0.1] INFO  org.mongodb.driver.connection.info - Closed connection [connectionId{localValue:5, serverValue:297}] to localhost:27017 because the pool has been closed.
30-09-2019 16:19:09.721 [RMI TCP Connection(16)-127.0.0.1] INFO  org.mongodb.driver.connection.info - Closed connection [connectionId{localValue:3, serverValue:295}] to localhost:27017 because the pool has been closed.
30-09-2019 16:19:09.727 [RMI TCP Connection(16)-127.0.0.1] INFO  org.mongodb.driver.connection.info - Closed connection [connectionId{localValue:6, serverValue:298}] to localhost:27017 because the pool has been closed.
30-09-2019 16:19:12.079 [RMI TCP Connection(16)-127.0.0.1] INFO  c.netflix.discovery.DiscoveryClient.shutdown - Shutting down DiscoveryClient ...
30-09-2019 16:19:15.084 [RMI TCP Connection(16)-127.0.0.1] INFO  c.netflix.discovery.DiscoveryClient.unregister - Unregistering ...
30-09-2019 16:19:15.102 [RMI TCP Connection(16)-127.0.0.1] INFO  c.netflix.discovery.DiscoveryClient.unregister - DiscoveryClient_SPRING-COURSES/localhost:spring-courses:8081 - deregister  status: 200
30-09-2019 16:19:15.127 [RMI TCP Connection(16)-127.0.0.1] INFO  c.netflix.discovery.DiscoveryClient.shutdown - Completed shut down of DiscoveryClient
